<?xml version="1.0" encoding="UTF-8"?>
<testng-results ignored="0" total="1" passed="1" failed="0" skipped="0">
  <reporter-output>
  </reporter-output>
  <suite started-at="2021-09-07T09:32:23 IST" name="Default suite" finished-at="2021-09-07T09:33:47 IST" duration-ms="83250">
    <groups>
    </groups>
    <test started-at="2021-09-07T09:32:23 IST" name="Default test" finished-at="2021-09-07T09:33:47 IST" duration-ms="83250">
      <class name="TestCases.TC01_Add_Nationalities">
        <test-method is-config="true" signature="TestSetup()[pri:0, instance:TestCases.TC01_Add_Nationalities@27f981c6]" started-at="2021-09-07T09:32:24 IST" name="TestSetup" finished-at="2021-09-07T09:32:39 IST" duration-ms="15484" status="PASS">
          <reporter-output>
          </reporter-output>
        </test-method> <!-- TestSetup -->
        <test-method signature="Test1_Nationality()[pri:0, instance:TestCases.TC01_Add_Nationalities@27f981c6]" started-at="2021-09-07T09:32:39 IST" name="Test1_Nationality" finished-at="2021-09-07T09:33:46 IST" duration-ms="66612" status="PASS">
          <reporter-output>
          </reporter-output>
        </test-method> <!-- Test1_Nationality -->
        <test-method is-config="true" signature="TestCloser()[pri:0, instance:TestCases.TC01_Add_Nationalities@27f981c6]" started-at="2021-09-07T09:33:46 IST" name="TestCloser" finished-at="2021-09-07T09:33:47 IST" duration-ms="1113" status="PASS">
          <reporter-output>
          </reporter-output>
        </test-method> <!-- TestCloser -->
      </class> <!-- TestCases.TC01_Add_Nationalities -->
    </test> <!-- Default test -->
  </suite> <!-- Default suite -->
</testng-results>
